<?xml version="1.0" encoding="UTF-8"?>
<!-- Generated by org.testng.reporters.JUnitXMLReporter -->
<testsuite ignored="6" hostname="L-270331" failures="2" tests="37" name="TestRun1" time="200.854" errors="0" timestamp="2024-02-08T15:26:49 IST">
  <testcase classname="PGHLtestClass.Logintest" name="mobileNumber" time="9.033"/>
  <testcase classname="PGHLtestClass.Logintest" name="mobileNumber" time="9.559"/>
  <testcase classname="PGHLtestClass.Logintest" name="mobileNumber" time="9.098"/>
  <testcase classname="PGHLtestClass.Logintest" name="mobileNumber" time="8.33"/>
  <testcase classname="PGHLtestClass.Logintest" name="mobileNumber" time="8.132"/>
  <testcase classname="PGHLtestClass.Logintest" name="mobileNumber" time="8.776"/>
  <testcase classname="PGHLtestClass.Logintest" name="mobileNumber" time="12.082"/>
  <testcase classname="PGHLtestClass.Logintest" name="sendOTP" time="0.003"/>
  <testcase classname="PGHLtestClass.Logintest" name="enterOTP" time="4.718"/>
  <testcase classname="PGHLtestClass.Logintest" name="enterOTP" time="4.366"/>
  <testcase classname="PGHLtestClass.Logintest" name="enterOTP" time="10.734"/>
  <testcase classname="PGHLtestClass.Logintest" name="enterOTP" time="4.608"/>
  <testcase classname="PGHLtestClass.Logintest" name="enterOTP" time="6.999"/>
  <testcase classname="PGHLtestClass.Logintest" name="enterOTP" time="4.581">
    <failure type="org.openqa.selenium.StaleElementReferenceException" message="The element &amp;apos;By.xpath: //android.widget.EditText&amp;apos; does not exist in DOM anymore
For documentation on this error, please visit: https://www.selenium.dev/documentation/webdriver/troubleshooting/errors#stale-element-reference-exception
Build info: version: &amp;apos;4.16.1&amp;apos;, revision: &amp;apos;9b4c83354e&amp;apos;
System info: os.name: &amp;apos;Windows 11&amp;apos;, os.arch: &amp;apos;amd64&amp;apos;, os.version: &amp;apos;10.0&amp;apos;, java.version: &amp;apos;17.0.6&amp;apos;
Driver info: io.appium.java_client.android.AndroidDriver
Command: [0c02325e-8be2-4269-a75c-43862c8bd05f, clickElement {id=00000000-0000-000b-0000-002800000003}]
Capabilities {appium:automationName: UIAutomator2, appium:databaseEnabled: false, appium:desired: {automationName: UIAutomator2, deviceName: Android SDK built for x86, platformName: ANDROID}, appium:deviceApiLevel: 31, appium:deviceManufacturer: Google, appium:deviceModel: sdk_gphone64_x86_64, appium:deviceName: emulator-5554, appium:deviceScreenDensity: 560, appium:deviceScreenSize: 1440x3120, appium:deviceUDID: emulator-5554, appium:javascriptEnabled: true, appium:locationContextEnabled: false, appium:networkConnectionEnabled: true, appium:pixelRatio: 3.5, appium:platformVersion: 12, appium:statBarHeight: 84, appium:takesScreenshot: true, appium:viewportRect: {height: 2868, left: 0, top: 84, width: 1440}, appium:warnings: {}, appium:webStorageEnabled: false, platformName: ANDROID}
Element: [[AndroidDriver:  on ANDROID (0c02325e-8be2-4269-a75c-43862c8bd05f)] -&amp;gt; xpath: //android.widget.EditText]
Session ID: 0c02325e-8be2-4269-a75c-43862c8bd05f">
      <![CDATA[org.openqa.selenium.StaleElementReferenceException: The element 'By.xpath: //android.widget.EditText' does not exist in DOM anymore
For documentation on this error, please visit: https://www.selenium.dev/documentation/webdriver/troubleshooting/errors#stale-element-reference-exception
Build info: version: '4.16.1', revision: '9b4c83354e'
System info: os.name: 'Windows 11', os.arch: 'amd64', os.version: '10.0', java.version: '17.0.6'
Driver info: io.appium.java_client.android.AndroidDriver
Command: [0c02325e-8be2-4269-a75c-43862c8bd05f, clickElement {id=00000000-0000-000b-0000-002800000003}]
Capabilities {appium:automationName: UIAutomator2, appium:databaseEnabled: false, appium:desired: {automationName: UIAutomator2, deviceName: Android SDK built for x86, platformName: ANDROID}, appium:deviceApiLevel: 31, appium:deviceManufacturer: Google, appium:deviceModel: sdk_gphone64_x86_64, appium:deviceName: emulator-5554, appium:deviceScreenDensity: 560, appium:deviceScreenSize: 1440x3120, appium:deviceUDID: emulator-5554, appium:javascriptEnabled: true, appium:locationContextEnabled: false, appium:networkConnectionEnabled: true, appium:pixelRatio: 3.5, appium:platformVersion: 12, appium:statBarHeight: 84, appium:takesScreenshot: true, appium:viewportRect: {height: 2868, left: 0, top: 84, width: 1440}, appium:warnings: {}, appium:webStorageEnabled: false, platformName: ANDROID}
Element: [[AndroidDriver:  on ANDROID (0c02325e-8be2-4269-a75c-43862c8bd05f)] -> xpath: //android.widget.EditText]
Session ID: 0c02325e-8be2-4269-a75c-43862c8bd05f
at org.openqa.selenium.remote.codec.w3c.W3CHttpResponseCodec.createException(W3CHttpResponseCodec.java:200)
at org.openqa.selenium.remote.codec.w3c.W3CHttpResponseCodec.decode(W3CHttpResponseCodec.java:133)
at org.openqa.selenium.remote.codec.w3c.W3CHttpResponseCodec.decode(W3CHttpResponseCodec.java:52)
at org.openqa.selenium.remote.HttpCommandExecutor.execute(HttpCommandExecutor.java:191)
at io.appium.java_client.remote.AppiumCommandExecutor.execute(AppiumCommandExecutor.java:262)
at org.openqa.selenium.remote.RemoteWebDriver.execute(RemoteWebDriver.java:602)
at org.openqa.selenium.remote.RemoteWebElement.execute(RemoteWebElement.java:224)
at org.openqa.selenium.remote.RemoteWebElement.click(RemoteWebElement.java:77)
at org.openqa.selenium.support.pagefactory.internal.LocatingElementHandler.invoke(LocatingElementHandler.java:51)
at jdk.proxy2/jdk.proxy2.$Proxy19.click(Unknown Source)
at Android.loginPage.OTP_clear(loginPage.java:57)
at PGHLtestClass.Logintest.enterOTP(Logintest.java:43)
at java.base/java.util.ArrayList.forEach(ArrayList.java:1511)
... Removed 35 stack frames]]>
    </failure>
  </testcase> <!-- enterOTP -->
  <testcase classname="PGHLtestClass.Logintest" name="submit" time="0.003"/>
  <testcase classname="PGHLtestClass.Logintest" name="resendOTP" time="0.064">
    <failure type="org.openqa.selenium.NoSuchElementException" message="An element could not be located on the page using the given search parameters.
For documentation on this error, please visit: https://www.selenium.dev/documentation/webdriver/troubleshooting/errors#no-such-element-exception
Build info: version: &amp;apos;4.16.1&amp;apos;, revision: &amp;apos;9b4c83354e&amp;apos;
System info: os.name: &amp;apos;Windows 11&amp;apos;, os.arch: &amp;apos;amd64&amp;apos;, os.version: &amp;apos;10.0&amp;apos;, java.version: &amp;apos;17.0.6&amp;apos;
Driver info: io.appium.java_client.android.AndroidDriver
Command: [0c02325e-8be2-4269-a75c-43862c8bd05f, findElement {using=xpath, value=//android.view.View[@content-desc=&amp;apos;Resend OTP&amp;apos;]}]
Capabilities {appium:automationName: UIAutomator2, appium:databaseEnabled: false, appium:desired: {automationName: UIAutomator2, deviceName: Android SDK built for x86, platformName: ANDROID}, appium:deviceApiLevel: 31, appium:deviceManufacturer: Google, appium:deviceModel: sdk_gphone64_x86_64, appium:deviceName: emulator-5554, appium:deviceScreenDensity: 560, appium:deviceScreenSize: 1440x3120, appium:deviceUDID: emulator-5554, appium:javascriptEnabled: true, appium:locationContextEnabled: false, appium:networkConnectionEnabled: true, appium:pixelRatio: 3.5, appium:platformVersion: 12, appium:statBarHeight: 84, appium:takesScreenshot: true, appium:viewportRect: {height: 2868, left: 0, top: 84, width: 1440}, appium:warnings: {}, appium:webStorageEnabled: false, platformName: ANDROID}
Session ID: 0c02325e-8be2-4269-a75c-43862c8bd05f">
      <![CDATA[org.openqa.selenium.NoSuchElementException: An element could not be located on the page using the given search parameters.
For documentation on this error, please visit: https://www.selenium.dev/documentation/webdriver/troubleshooting/errors#no-such-element-exception
Build info: version: '4.16.1', revision: '9b4c83354e'
System info: os.name: 'Windows 11', os.arch: 'amd64', os.version: '10.0', java.version: '17.0.6'
Driver info: io.appium.java_client.android.AndroidDriver
Command: [0c02325e-8be2-4269-a75c-43862c8bd05f, findElement {using=xpath, value=//android.view.View[@content-desc='Resend OTP']}]
Capabilities {appium:automationName: UIAutomator2, appium:databaseEnabled: false, appium:desired: {automationName: UIAutomator2, deviceName: Android SDK built for x86, platformName: ANDROID}, appium:deviceApiLevel: 31, appium:deviceManufacturer: Google, appium:deviceModel: sdk_gphone64_x86_64, appium:deviceName: emulator-5554, appium:deviceScreenDensity: 560, appium:deviceScreenSize: 1440x3120, appium:deviceUDID: emulator-5554, appium:javascriptEnabled: true, appium:locationContextEnabled: false, appium:networkConnectionEnabled: true, appium:pixelRatio: 3.5, appium:platformVersion: 12, appium:statBarHeight: 84, appium:takesScreenshot: true, appium:viewportRect: {height: 2868, left: 0, top: 84, width: 1440}, appium:warnings: {}, appium:webStorageEnabled: false, platformName: ANDROID}
Session ID: 0c02325e-8be2-4269-a75c-43862c8bd05f
at org.openqa.selenium.remote.codec.w3c.W3CHttpResponseCodec.createException(W3CHttpResponseCodec.java:200)
at org.openqa.selenium.remote.codec.w3c.W3CHttpResponseCodec.decode(W3CHttpResponseCodec.java:133)
at org.openqa.selenium.remote.codec.w3c.W3CHttpResponseCodec.decode(W3CHttpResponseCodec.java:52)
at org.openqa.selenium.remote.HttpCommandExecutor.execute(HttpCommandExecutor.java:191)
at io.appium.java_client.remote.AppiumCommandExecutor.execute(AppiumCommandExecutor.java:262)
at org.openqa.selenium.remote.RemoteWebDriver.execute(RemoteWebDriver.java:602)
at org.openqa.selenium.remote.ElementLocation$ElementFinder$2.findElement(ElementLocation.java:165)
at org.openqa.selenium.remote.ElementLocation.findElement(ElementLocation.java:59)
at org.openqa.selenium.remote.RemoteWebDriver.findElement(RemoteWebDriver.java:359)
at org.openqa.selenium.remote.RemoteWebDriver.findElement(RemoteWebDriver.java:353)
at org.openqa.selenium.support.pagefactory.DefaultElementLocator.findElement(DefaultElementLocator.java:68)
at org.openqa.selenium.support.pagefactory.internal.LocatingElementHandler.invoke(LocatingElementHandler.java:38)
at jdk.proxy2/jdk.proxy2.$Proxy19.click(Unknown Source)
at Android.loginPage.getResend_OTP(loginPage.java:68)
at PGHLtestClass.Logintest.resendOTP(Logintest.java:55)
at java.base/java.util.ArrayList.forEach(ArrayList.java:1511)
... Removed 32 stack frames]]>
    </failure>
  </testcase> <!-- resendOTP -->
  <testcase classname="PGHLtestClass.TransactionTestPage" name="transaction" time="1.335"/>
  <testcase classname="PGHLtestClass.TransactionTestPage" name="Add_Transaction" time="0.689"/>
  <testcase classname="PGHLtestClass.TransactionTestPage" name="Retailer_Name" time="11.571"/>
  <testcase classname="PGHLtestClass.TransactionTestPage" name="Distributor_Name" time="5.747"/>
  <testcase classname="PGHLtestClass.TransactionTestPage" name="Invoice_Date" time="2.104"/>
  <testcase classname="PGHLtestClass.TransactionTestPage" name="Invoice_DateEdite" time="2.824"/>
  <testcase classname="PGHLtestClass.TransactionTestPage" name="products" time="5.703"/>
  <testcase classname="PGHLtestClass.TransactionTestPage" name="selectproduct" time="12.058"/>
  <testcase classname="PGHLtestClass.TransactionTestPage" name="MRP" time="0.096"/>
  <testcase classname="PGHLtestClass.TransactionTestPage" name="Strips" time="1.578"/>
  <testcase classname="PGHLtestClass.TransactionTestPage" name="priseToRetailer" time="10.332"/>
  <testcase classname="PGHLtestClass.TransactionTestPage" name="subtotal" time="0.081"/>
  <testcase classname="PGHLtestClass.TransactionTestPage" name="ValidationStripsPrice" time="0.243"/>
  <testcase classname="PGHLtestClass.TransactionTestPage" name="save_product" time="2.08"/>
  <testcase classname="PGHLtestClass.TransactionTestPage" name="invoiceImage" time="3.93"/>
  <testcase classname="PGHLtestClass.TransactionTestPage" name="image" time="0.412"/>
  <testcase classname="PGHLtestClass.TransactionTestPage" name="ScrollToInvoiceNumber" time="8.873"/>
  <testcase classname="PGHLtestClass.TransactionTestPage" name="submit" time="1.589"/>
  <testcase classname="PGHLtestClass.TransactionTestPage" name="Back" time="4.021"/>
  <testcase classname="PGHLtestClass.TransactionTestPage" name="side_menu" time="1.319"/>
  <testcase classname="PGHLtestClass.TransactionTestPage" name="Logout" time="0.625"/>
  <testcase classname="PGHLtestClass.TransactionTestPage" name="Pending_Transactions" time="0.0">
    <ignored/>
  </testcase> <!-- Pending_Transactions -->
  <testcase classname="PGHLtestClass.TransactionTestPage" name="approve" time="0.0">
    <ignored/>
  </testcase> <!-- approve -->
  <testcase classname="PGHLtestClass.TransactionTestPage" name="reject" time="0.0">
    <ignored/>
  </testcase> <!-- reject -->
  <testcase classname="PGHLtestClass.Logintest" name="DistributorNo" time="0.0">
    <ignored/>
  </testcase> <!-- DistributorNo -->
  <testcase classname="PGHLtestClass.TransactionTestPage" name="cancle" time="0.0">
    <ignored/>
  </testcase> <!-- cancle -->
  <testcase classname="PGHLtestClass.TransactionTestPage" name="action" time="0.0">
    <ignored/>
  </testcase> <!-- action -->
</testsuite> <!-- TestRun1 -->
