<?xml version="1.0" encoding="UTF-8"?>
<testng-results ignored="6" total="43" passed="35" failed="2" skipped="0">
  <reporter-output>
  </reporter-output>
  <suite started-at="2024-02-08T15:23:28 IST" name="TrasactionFlowPGHL" finished-at="2024-02-08T15:26:49 IST" duration-ms="200854">
    <groups>
      <group name="retailer">
        <method signature="Logintest.mobileNumber(java.lang.String)[pri:1, instance:PGHLtestClass.Logintest@13e3c1c7]" name="mobileNumber" class="PGHLtestClass.Logintest"/>
        <method signature="TransactionTestPage.transaction()[pri:1, instance:PGHLtestClass.TransactionTestPage@3b956878]" name="transaction" class="PGHLtestClass.TransactionTestPage"/>
        <method signature="Logintest.sendOTP()[pri:2, instance:PGHLtestClass.Logintest@13e3c1c7]" name="sendOTP" class="PGHLtestClass.Logintest"/>
        <method signature="Logintest.enterOTP(java.lang.String)[pri:3, instance:PGHLtestClass.Logintest@13e3c1c7]" name="enterOTP" class="PGHLtestClass.Logintest"/>
        <method signature="TransactionTestPage.Add_Transaction()[pri:3, instance:PGHLtestClass.TransactionTestPage@3b956878]" name="Add_Transaction" class="PGHLtestClass.TransactionTestPage"/>
        <method signature="Logintest.submit()[pri:4, instance:PGHLtestClass.Logintest@13e3c1c7]" name="submit" class="PGHLtestClass.Logintest"/>
        <method signature="TransactionTestPage.Retailer_Name()[pri:4, instance:PGHLtestClass.TransactionTestPage@3b956878]" name="Retailer_Name" class="PGHLtestClass.TransactionTestPage"/>
        <method signature="Logintest.resendOTP()[pri:5, instance:PGHLtestClass.Logintest@13e3c1c7]" name="resendOTP" class="PGHLtestClass.Logintest"/>
        <method signature="TransactionTestPage.Distributor_Name()[pri:5, instance:PGHLtestClass.TransactionTestPage@3b956878]" name="Distributor_Name" class="PGHLtestClass.TransactionTestPage"/>
        <method signature="TransactionTestPage.Invoice_Date()[pri:6, instance:PGHLtestClass.TransactionTestPage@3b956878]" name="Invoice_Date" class="PGHLtestClass.TransactionTestPage"/>
        <method signature="TransactionTestPage.Invoice_DateEdite()[pri:7, instance:PGHLtestClass.TransactionTestPage@3b956878]" name="Invoice_DateEdite" class="PGHLtestClass.TransactionTestPage"/>
        <method signature="TransactionTestPage.products()[pri:8, instance:PGHLtestClass.TransactionTestPage@3b956878]" name="products" class="PGHLtestClass.TransactionTestPage"/>
        <method signature="TransactionTestPage.selectproduct()[pri:9, instance:PGHLtestClass.TransactionTestPage@3b956878]" name="selectproduct" class="PGHLtestClass.TransactionTestPage"/>
        <method signature="TransactionTestPage.MRP()[pri:10, instance:PGHLtestClass.TransactionTestPage@3b956878]" name="MRP" class="PGHLtestClass.TransactionTestPage"/>
        <method signature="TransactionTestPage.Strips()[pri:11, instance:PGHLtestClass.TransactionTestPage@3b956878]" name="Strips" class="PGHLtestClass.TransactionTestPage"/>
        <method signature="TransactionTestPage.priseToRetailer()[pri:12, instance:PGHLtestClass.TransactionTestPage@3b956878]" name="priseToRetailer" class="PGHLtestClass.TransactionTestPage"/>
        <method signature="TransactionTestPage.subtotal()[pri:13, instance:PGHLtestClass.TransactionTestPage@3b956878]" name="subtotal" class="PGHLtestClass.TransactionTestPage"/>
        <method signature="TransactionTestPage.ValidationStripsPrice()[pri:14, instance:PGHLtestClass.TransactionTestPage@3b956878]" name="ValidationStripsPrice" class="PGHLtestClass.TransactionTestPage"/>
        <method signature="TransactionTestPage.save_product()[pri:15, instance:PGHLtestClass.TransactionTestPage@3b956878]" name="save_product" class="PGHLtestClass.TransactionTestPage"/>
        <method signature="TransactionTestPage.invoiceImage()[pri:16, instance:PGHLtestClass.TransactionTestPage@3b956878]" name="invoiceImage" class="PGHLtestClass.TransactionTestPage"/>
        <method signature="TransactionTestPage.image()[pri:17, instance:PGHLtestClass.TransactionTestPage@3b956878]" name="image" class="PGHLtestClass.TransactionTestPage"/>
        <method signature="TransactionTestPage.ScrollToInvoiceNumber()[pri:18, instance:PGHLtestClass.TransactionTestPage@3b956878]" name="ScrollToInvoiceNumber" class="PGHLtestClass.TransactionTestPage"/>
        <method signature="TransactionTestPage.submit()[pri:19, instance:PGHLtestClass.TransactionTestPage@3b956878]" name="submit" class="PGHLtestClass.TransactionTestPage"/>
        <method signature="TransactionTestPage.Back()[pri:20, instance:PGHLtestClass.TransactionTestPage@3b956878]" name="Back" class="PGHLtestClass.TransactionTestPage"/>
        <method signature="TransactionTestPage.side_menu()[pri:21, instance:PGHLtestClass.TransactionTestPage@3b956878]" name="side_menu" class="PGHLtestClass.TransactionTestPage"/>
        <method signature="TransactionTestPage.Logout()[pri:22, instance:PGHLtestClass.TransactionTestPage@3b956878]" name="Logout" class="PGHLtestClass.TransactionTestPage"/>
      </group> <!-- retailer -->
      <group name="F1">
        <method signature="TransactionTestPage.Back()[pri:20, instance:PGHLtestClass.TransactionTestPage@3b956878]" name="Back" class="PGHLtestClass.TransactionTestPage"/>
        <method signature="TransactionTestPage.side_menu()[pri:21, instance:PGHLtestClass.TransactionTestPage@3b956878]" name="side_menu" class="PGHLtestClass.TransactionTestPage"/>
        <method signature="TransactionTestPage.Logout()[pri:22, instance:PGHLtestClass.TransactionTestPage@3b956878]" name="Logout" class="PGHLtestClass.TransactionTestPage"/>
      </group> <!-- F1 -->
      <group name="F2">
        <method signature="TransactionTestPage.Back()[pri:20, instance:PGHLtestClass.TransactionTestPage@3b956878]" name="Back" class="PGHLtestClass.TransactionTestPage"/>
        <method signature="TransactionTestPage.side_menu()[pri:21, instance:PGHLtestClass.TransactionTestPage@3b956878]" name="side_menu" class="PGHLtestClass.TransactionTestPage"/>
        <method signature="TransactionTestPage.Logout()[pri:22, instance:PGHLtestClass.TransactionTestPage@3b956878]" name="Logout" class="PGHLtestClass.TransactionTestPage"/>
      </group> <!-- F2 -->
      <group name="distributor">
        <method signature="TransactionTestPage.Back()[pri:20, instance:PGHLtestClass.TransactionTestPage@3b956878]" name="Back" class="PGHLtestClass.TransactionTestPage"/>
        <method signature="TransactionTestPage.side_menu()[pri:21, instance:PGHLtestClass.TransactionTestPage@3b956878]" name="side_menu" class="PGHLtestClass.TransactionTestPage"/>
        <method signature="TransactionTestPage.Logout()[pri:22, instance:PGHLtestClass.TransactionTestPage@3b956878]" name="Logout" class="PGHLtestClass.TransactionTestPage"/>
      </group> <!-- distributor -->
    </groups>
    <test started-at="2024-02-08T15:23:28 IST" name="TestRun1" finished-at="2024-02-08T15:26:49 IST" duration-ms="200854">
      <class name="PGHLtestClass.TransactionTestPage">
        <test-method is-config="true" signature="start()[pri:0, instance:PGHLtestClass.TransactionTestPage@3b956878]" started-at="2024-02-08T15:25:20 IST" name="start" finished-at="2024-02-08T15:25:32 IST" duration-ms="11998" status="PASS">
          <reporter-output>
          </reporter-output>
        </test-method> <!-- start -->
        <test-method signature="transaction()[pri:1, instance:PGHLtestClass.TransactionTestPage@3b956878]" started-at="2024-02-08T15:25:32 IST" name="transaction" finished-at="2024-02-08T15:25:33 IST" duration-ms="1335" status="PASS">
          <reporter-output>
          </reporter-output>
        </test-method> <!-- transaction -->
        <test-method signature="Add_Transaction()[pri:3, instance:PGHLtestClass.TransactionTestPage@3b956878]" started-at="2024-02-08T15:25:33 IST" name="Add_Transaction" finished-at="2024-02-08T15:25:34 IST" duration-ms="689" status="PASS">
          <reporter-output>
          </reporter-output>
        </test-method> <!-- Add_Transaction -->
        <test-method signature="Retailer_Name()[pri:4, instance:PGHLtestClass.TransactionTestPage@3b956878]" started-at="2024-02-08T15:25:34 IST" name="Retailer_Name" finished-at="2024-02-08T15:25:45 IST" duration-ms="11571" status="PASS">
          <reporter-output>
          </reporter-output>
        </test-method> <!-- Retailer_Name -->
        <test-method signature="Distributor_Name()[pri:5, instance:PGHLtestClass.TransactionTestPage@3b956878]" started-at="2024-02-08T15:25:45 IST" name="Distributor_Name" finished-at="2024-02-08T15:25:51 IST" duration-ms="5747" status="PASS">
          <reporter-output>
          </reporter-output>
        </test-method> <!-- Distributor_Name -->
        <test-method signature="Invoice_Date()[pri:6, instance:PGHLtestClass.TransactionTestPage@3b956878]" started-at="2024-02-08T15:25:51 IST" name="Invoice_Date" finished-at="2024-02-08T15:25:53 IST" duration-ms="2104" status="PASS">
          <reporter-output>
          </reporter-output>
        </test-method> <!-- Invoice_Date -->
        <test-method signature="Invoice_DateEdite()[pri:7, instance:PGHLtestClass.TransactionTestPage@3b956878]" started-at="2024-02-08T15:25:53 IST" name="Invoice_DateEdite" finished-at="2024-02-08T15:25:56 IST" duration-ms="2824" status="PASS">
          <reporter-output>
          </reporter-output>
        </test-method> <!-- Invoice_DateEdite -->
        <test-method signature="products()[pri:8, instance:PGHLtestClass.TransactionTestPage@3b956878]" started-at="2024-02-08T15:25:56 IST" name="products" finished-at="2024-02-08T15:26:02 IST" duration-ms="5703" status="PASS">
          <reporter-output>
          </reporter-output>
        </test-method> <!-- products -->
        <test-method signature="selectproduct()[pri:9, instance:PGHLtestClass.TransactionTestPage@3b956878]" started-at="2024-02-08T15:26:02 IST" name="selectproduct" finished-at="2024-02-08T15:26:14 IST" duration-ms="12058" status="PASS">
          <reporter-output>
          </reporter-output>
        </test-method> <!-- selectproduct -->
        <test-method signature="MRP()[pri:10, instance:PGHLtestClass.TransactionTestPage@3b956878]" started-at="2024-02-08T15:26:14 IST" name="MRP" finished-at="2024-02-08T15:26:14 IST" duration-ms="96" status="PASS">
          <reporter-output>
          </reporter-output>
        </test-method> <!-- MRP -->
        <test-method signature="Strips()[pri:11, instance:PGHLtestClass.TransactionTestPage@3b956878]" started-at="2024-02-08T15:26:14 IST" name="Strips" finished-at="2024-02-08T15:26:15 IST" duration-ms="1578" status="PASS">
          <reporter-output>
          </reporter-output>
        </test-method> <!-- Strips -->
        <test-method signature="priseToRetailer()[pri:12, instance:PGHLtestClass.TransactionTestPage@3b956878]" started-at="2024-02-08T15:26:15 IST" name="priseToRetailer" finished-at="2024-02-08T15:26:26 IST" duration-ms="10332" status="PASS">
          <reporter-output>
          </reporter-output>
        </test-method> <!-- priseToRetailer -->
        <test-method signature="subtotal()[pri:13, instance:PGHLtestClass.TransactionTestPage@3b956878]" started-at="2024-02-08T15:26:26 IST" name="subtotal" finished-at="2024-02-08T15:26:26 IST" duration-ms="81" status="PASS">
          <reporter-output>
          </reporter-output>
        </test-method> <!-- subtotal -->
        <test-method signature="ValidationStripsPrice()[pri:14, instance:PGHLtestClass.TransactionTestPage@3b956878]" started-at="2024-02-08T15:26:26 IST" name="ValidationStripsPrice" finished-at="2024-02-08T15:26:26 IST" duration-ms="243" status="PASS">
          <reporter-output>
          </reporter-output>
        </test-method> <!-- ValidationStripsPrice -->
        <test-method signature="save_product()[pri:15, instance:PGHLtestClass.TransactionTestPage@3b956878]" started-at="2024-02-08T15:26:26 IST" name="save_product" finished-at="2024-02-08T15:26:28 IST" duration-ms="2080" status="PASS">
          <reporter-output>
          </reporter-output>
        </test-method> <!-- save_product -->
        <test-method signature="invoiceImage()[pri:16, instance:PGHLtestClass.TransactionTestPage@3b956878]" started-at="2024-02-08T15:26:28 IST" name="invoiceImage" finished-at="2024-02-08T15:26:32 IST" duration-ms="3930" status="PASS">
          <reporter-output>
          </reporter-output>
        </test-method> <!-- invoiceImage -->
        <test-method signature="image()[pri:17, instance:PGHLtestClass.TransactionTestPage@3b956878]" started-at="2024-02-08T15:26:32 IST" name="image" finished-at="2024-02-08T15:26:32 IST" duration-ms="412" status="PASS">
          <reporter-output>
          </reporter-output>
        </test-method> <!-- image -->
        <test-method signature="ScrollToInvoiceNumber()[pri:18, instance:PGHLtestClass.TransactionTestPage@3b956878]" started-at="2024-02-08T15:26:32 IST" name="ScrollToInvoiceNumber" finished-at="2024-02-08T15:26:41 IST" duration-ms="8873" status="PASS">
          <reporter-output>
          </reporter-output>
        </test-method> <!-- ScrollToInvoiceNumber -->
        <test-method signature="submit()[pri:19, instance:PGHLtestClass.TransactionTestPage@3b956878]" started-at="2024-02-08T15:26:41 IST" name="submit" finished-at="2024-02-08T15:26:43 IST" duration-ms="1589" status="PASS">
          <reporter-output>
          </reporter-output>
        </test-method> <!-- submit -->
        <test-method signature="Back()[pri:20, instance:PGHLtestClass.TransactionTestPage@3b956878]" started-at="2024-02-08T15:26:43 IST" name="Back" finished-at="2024-02-08T15:26:47 IST" duration-ms="4021" status="PASS">
          <reporter-output>
          </reporter-output>
        </test-method> <!-- Back -->
        <test-method signature="side_menu()[pri:21, instance:PGHLtestClass.TransactionTestPage@3b956878]" started-at="2024-02-08T15:26:47 IST" name="side_menu" finished-at="2024-02-08T15:26:48 IST" duration-ms="1319" status="PASS">
          <reporter-output>
          </reporter-output>
        </test-method> <!-- side_menu -->
        <test-method signature="Logout()[pri:22, instance:PGHLtestClass.TransactionTestPage@3b956878]" started-at="2024-02-08T15:26:48 IST" name="Logout" finished-at="2024-02-08T15:26:49 IST" duration-ms="625" status="PASS">
          <reporter-output>
          </reporter-output>
        </test-method> <!-- Logout -->
        <test-method is-config="true" signature="end()[pri:0, instance:PGHLtestClass.TransactionTestPage@3b956878]" started-at="2024-02-08T15:26:49 IST" name="end" finished-at="2024-02-08T15:26:49 IST" duration-ms="0" status="PASS">
          <reporter-output>
          </reporter-output>
        </test-method> <!-- end -->
      </class> <!-- PGHLtestClass.TransactionTestPage -->
      <class name="PGHLtestClass.Logintest">
        <test-method is-config="true" signature="start()[pri:0, instance:PGHLtestClass.Logintest@13e3c1c7]" started-at="2024-02-08T15:23:28 IST" name="start" finished-at="2024-02-08T15:23:38 IST" duration-ms="9967" status="PASS">
          <reporter-output>
          </reporter-output>
        </test-method> <!-- start -->
        <test-method signature="mobileNumber(java.lang.String)[pri:1, instance:PGHLtestClass.Logintest@13e3c1c7]" started-at="2024-02-08T15:23:38 IST" name="mobileNumber" data-provider="loginMOBno" finished-at="2024-02-08T15:23:47 IST" duration-ms="9033" status="PASS">
          <params>
            <param index="0">
              <value>
                <![CDATA[]]>
              </value>
            </param>
          </params>
          <reporter-output>
          </reporter-output>
        </test-method> <!-- mobileNumber -->
        <test-method signature="mobileNumber(java.lang.String)[pri:1, instance:PGHLtestClass.Logintest@13e3c1c7]" started-at="2024-02-08T15:23:47 IST" name="mobileNumber" data-provider="loginMOBno" finished-at="2024-02-08T15:23:57 IST" duration-ms="9559" status="PASS">
          <params>
            <param index="0">
              <value>
                <![CDATA[12472415424165]]>
              </value>
            </param>
          </params>
          <reporter-output>
          </reporter-output>
        </test-method> <!-- mobileNumber -->
        <test-method signature="mobileNumber(java.lang.String)[pri:1, instance:PGHLtestClass.Logintest@13e3c1c7]" started-at="2024-02-08T15:23:57 IST" name="mobileNumber" data-provider="loginMOBno" finished-at="2024-02-08T15:24:06 IST" duration-ms="9098" status="PASS">
          <params>
            <param index="0">
              <value>
                <![CDATA[123dhsgg12]]>
              </value>
            </param>
          </params>
          <reporter-output>
          </reporter-output>
        </test-method> <!-- mobileNumber -->
        <test-method signature="mobileNumber(java.lang.String)[pri:1, instance:PGHLtestClass.Logintest@13e3c1c7]" started-at="2024-02-08T15:24:06 IST" name="mobileNumber" data-provider="loginMOBno" finished-at="2024-02-08T15:24:14 IST" duration-ms="8330" status="PASS">
          <params>
            <param index="0">
              <value>
                <![CDATA[sdgfuggbgu]]>
              </value>
            </param>
          </params>
          <reporter-output>
          </reporter-output>
        </test-method> <!-- mobileNumber -->
        <test-method signature="mobileNumber(java.lang.String)[pri:1, instance:PGHLtestClass.Logintest@13e3c1c7]" started-at="2024-02-08T15:24:14 IST" name="mobileNumber" data-provider="loginMOBno" finished-at="2024-02-08T15:24:23 IST" duration-ms="8132" status="PASS">
          <params>
            <param index="0">
              <value>
                <![CDATA[213354678]]>
              </value>
            </param>
          </params>
          <reporter-output>
          </reporter-output>
        </test-method> <!-- mobileNumber -->
        <test-method signature="mobileNumber(java.lang.String)[pri:1, instance:PGHLtestClass.Logintest@13e3c1c7]" started-at="2024-02-08T15:24:23 IST" name="mobileNumber" data-provider="loginMOBno" finished-at="2024-02-08T15:24:31 IST" duration-ms="8776" status="PASS">
          <params>
            <param index="0">
              <value>
                <![CDATA[3425666666]]>
              </value>
            </param>
          </params>
          <reporter-output>
          </reporter-output>
        </test-method> <!-- mobileNumber -->
        <test-method signature="mobileNumber(java.lang.String)[pri:1, instance:PGHLtestClass.Logintest@13e3c1c7]" started-at="2024-02-08T15:24:31 IST" name="mobileNumber" data-provider="loginMOBno" finished-at="2024-02-08T15:24:43 IST" duration-ms="12082" status="PASS">
          <params>
            <param index="0">
              <value>
                <![CDATA[9021336929]]>
              </value>
            </param>
          </params>
          <reporter-output>
          </reporter-output>
        </test-method> <!-- mobileNumber -->
        <test-method signature="sendOTP()[pri:2, instance:PGHLtestClass.Logintest@13e3c1c7]" started-at="2024-02-08T15:24:43 IST" name="sendOTP" finished-at="2024-02-08T15:24:43 IST" duration-ms="3" status="PASS">
          <reporter-output>
          </reporter-output>
        </test-method> <!-- sendOTP -->
        <test-method signature="enterOTP(java.lang.String)[pri:3, instance:PGHLtestClass.Logintest@13e3c1c7]" started-at="2024-02-08T15:24:43 IST" name="enterOTP" data-provider="loginOTP" finished-at="2024-02-08T15:24:48 IST" duration-ms="4718" status="PASS">
          <params>
            <param index="0">
              <value>
                <![CDATA[]]>
              </value>
            </param>
          </params>
          <reporter-output>
          </reporter-output>
        </test-method> <!-- enterOTP -->
        <test-method signature="enterOTP(java.lang.String)[pri:3, instance:PGHLtestClass.Logintest@13e3c1c7]" started-at="2024-02-08T15:24:48 IST" name="enterOTP" data-provider="loginOTP" finished-at="2024-02-08T15:24:53 IST" duration-ms="4366" status="PASS">
          <params>
            <param index="0">
              <value>
                <![CDATA[124724]]>
              </value>
            </param>
          </params>
          <reporter-output>
          </reporter-output>
        </test-method> <!-- enterOTP -->
        <test-method signature="enterOTP(java.lang.String)[pri:3, instance:PGHLtestClass.Logintest@13e3c1c7]" started-at="2024-02-08T15:24:53 IST" name="enterOTP" data-provider="loginOTP" finished-at="2024-02-08T15:25:03 IST" duration-ms="10734" status="PASS">
          <params>
            <param index="0">
              <value>
                <![CDATA[123dhsgg12]]>
              </value>
            </param>
          </params>
          <reporter-output>
          </reporter-output>
        </test-method> <!-- enterOTP -->
        <test-method signature="enterOTP(java.lang.String)[pri:3, instance:PGHLtestClass.Logintest@13e3c1c7]" started-at="2024-02-08T15:25:03 IST" name="enterOTP" data-provider="loginOTP" finished-at="2024-02-08T15:25:08 IST" duration-ms="4608" status="PASS">
          <params>
            <param index="0">
              <value>
                <![CDATA[sdgfuggbgu]]>
              </value>
            </param>
          </params>
          <reporter-output>
          </reporter-output>
        </test-method> <!-- enterOTP -->
        <test-method signature="enterOTP(java.lang.String)[pri:3, instance:PGHLtestClass.Logintest@13e3c1c7]" started-at="2024-02-08T15:25:08 IST" name="enterOTP" data-provider="loginOTP" finished-at="2024-02-08T15:25:15 IST" duration-ms="6999" status="PASS">
          <params>
            <param index="0">
              <value>
                <![CDATA[2133]]>
              </value>
            </param>
          </params>
          <reporter-output>
          </reporter-output>
        </test-method> <!-- enterOTP -->
        <test-method signature="enterOTP(java.lang.String)[pri:3, instance:PGHLtestClass.Logintest@13e3c1c7]" started-at="2024-02-08T15:25:15 IST" name="enterOTP" data-provider="loginOTP" finished-at="2024-02-08T15:25:20 IST" duration-ms="4581" status="FAIL">
          <params>
            <param index="0">
              <value>
                <![CDATA[1111]]>
              </value>
            </param>
          </params>
          <exception class="org.openqa.selenium.StaleElementReferenceException">
            <message>
              <![CDATA[The element 'By.xpath: //android.widget.EditText' does not exist in DOM anymore
For documentation on this error, please visit: https://www.selenium.dev/documentation/webdriver/troubleshooting/errors#stale-element-reference-exception
Build info: version: '4.16.1', revision: '9b4c83354e'
System info: os.name: 'Windows 11', os.arch: 'amd64', os.version: '10.0', java.version: '17.0.6'
Driver info: io.appium.java_client.android.AndroidDriver
Command: [0c02325e-8be2-4269-a75c-43862c8bd05f, clickElement {id=00000000-0000-000b-0000-002800000003}]
Capabilities {appium:automationName: UIAutomator2, appium:databaseEnabled: false, appium:desired: {automationName: UIAutomator2, deviceName: Android SDK built for x86, platformName: ANDROID}, appium:deviceApiLevel: 31, appium:deviceManufacturer: Google, appium:deviceModel: sdk_gphone64_x86_64, appium:deviceName: emulator-5554, appium:deviceScreenDensity: 560, appium:deviceScreenSize: 1440x3120, appium:deviceUDID: emulator-5554, appium:javascriptEnabled: true, appium:locationContextEnabled: false, appium:networkConnectionEnabled: true, appium:pixelRatio: 3.5, appium:platformVersion: 12, appium:statBarHeight: 84, appium:takesScreenshot: true, appium:viewportRect: {height: 2868, left: 0, top: 84, width: 1440}, appium:warnings: {}, appium:webStorageEnabled: false, platformName: ANDROID}
Element: [[AndroidDriver:  on ANDROID (0c02325e-8be2-4269-a75c-43862c8bd05f)] -> xpath: //android.widget.EditText]
Session ID: 0c02325e-8be2-4269-a75c-43862c8bd05f]]>
            </message>
            <full-stacktrace>
              <![CDATA[org.openqa.selenium.StaleElementReferenceException: The element 'By.xpath: //android.widget.EditText' does not exist in DOM anymore
For documentation on this error, please visit: https://www.selenium.dev/documentation/webdriver/troubleshooting/errors#stale-element-reference-exception
Build info: version: '4.16.1', revision: '9b4c83354e'
System info: os.name: 'Windows 11', os.arch: 'amd64', os.version: '10.0', java.version: '17.0.6'
Driver info: io.appium.java_client.android.AndroidDriver
Command: [0c02325e-8be2-4269-a75c-43862c8bd05f, clickElement {id=00000000-0000-000b-0000-002800000003}]
Capabilities {appium:automationName: UIAutomator2, appium:databaseEnabled: false, appium:desired: {automationName: UIAutomator2, deviceName: Android SDK built for x86, platformName: ANDROID}, appium:deviceApiLevel: 31, appium:deviceManufacturer: Google, appium:deviceModel: sdk_gphone64_x86_64, appium:deviceName: emulator-5554, appium:deviceScreenDensity: 560, appium:deviceScreenSize: 1440x3120, appium:deviceUDID: emulator-5554, appium:javascriptEnabled: true, appium:locationContextEnabled: false, appium:networkConnectionEnabled: true, appium:pixelRatio: 3.5, appium:platformVersion: 12, appium:statBarHeight: 84, appium:takesScreenshot: true, appium:viewportRect: {height: 2868, left: 0, top: 84, width: 1440}, appium:warnings: {}, appium:webStorageEnabled: false, platformName: ANDROID}
Element: [[AndroidDriver:  on ANDROID (0c02325e-8be2-4269-a75c-43862c8bd05f)] -> xpath: //android.widget.EditText]
Session ID: 0c02325e-8be2-4269-a75c-43862c8bd05f
at java.base/jdk.internal.reflect.NativeConstructorAccessorImpl.newInstance0(Native Method)
at java.base/jdk.internal.reflect.NativeConstructorAccessorImpl.newInstance(NativeConstructorAccessorImpl.java:77)
at java.base/jdk.internal.reflect.DelegatingConstructorAccessorImpl.newInstance(DelegatingConstructorAccessorImpl.java:45)
at java.base/java.lang.reflect.Constructor.newInstanceWithCaller(Constructor.java:499)
at java.base/java.lang.reflect.Constructor.newInstance(Constructor.java:480)
at org.openqa.selenium.remote.codec.w3c.W3CHttpResponseCodec.createException(W3CHttpResponseCodec.java:200)
at org.openqa.selenium.remote.codec.w3c.W3CHttpResponseCodec.decode(W3CHttpResponseCodec.java:133)
at org.openqa.selenium.remote.codec.w3c.W3CHttpResponseCodec.decode(W3CHttpResponseCodec.java:52)
at org.openqa.selenium.remote.HttpCommandExecutor.execute(HttpCommandExecutor.java:191)
at io.appium.java_client.remote.AppiumCommandExecutor.execute(AppiumCommandExecutor.java:262)
at org.openqa.selenium.remote.RemoteWebDriver.execute(RemoteWebDriver.java:602)
at org.openqa.selenium.remote.RemoteWebElement.execute(RemoteWebElement.java:224)
at org.openqa.selenium.remote.RemoteWebElement.click(RemoteWebElement.java:77)
at jdk.internal.reflect.GeneratedMethodAccessor3.invoke(Unknown Source)
at java.base/jdk.internal.reflect.DelegatingMethodAccessorImpl.invoke(DelegatingMethodAccessorImpl.java:43)
at java.base/java.lang.reflect.Method.invoke(Method.java:568)
at org.openqa.selenium.support.pagefactory.internal.LocatingElementHandler.invoke(LocatingElementHandler.java:51)
at jdk.proxy2/jdk.proxy2.$Proxy19.click(Unknown Source)
at Android.loginPage.OTP_clear(loginPage.java:57)
at PGHLtestClass.Logintest.enterOTP(Logintest.java:43)
at java.base/jdk.internal.reflect.NativeMethodAccessorImpl.invoke0(Native Method)
at java.base/jdk.internal.reflect.NativeMethodAccessorImpl.invoke(NativeMethodAccessorImpl.java:77)
at java.base/jdk.internal.reflect.DelegatingMethodAccessorImpl.invoke(DelegatingMethodAccessorImpl.java:43)
at java.base/java.lang.reflect.Method.invoke(Method.java:568)
at org.testng.internal.invokers.MethodInvocationHelper.invokeMethod(MethodInvocationHelper.java:139)
at org.testng.internal.invokers.TestInvoker.invokeMethod(TestInvoker.java:677)
at org.testng.internal.invokers.TestInvoker.invokeTestMethod(TestInvoker.java:221)
at org.testng.internal.invokers.MethodRunner.runInSequence(MethodRunner.java:50)
at org.testng.internal.invokers.TestInvoker$MethodInvocationAgent.invoke(TestInvoker.java:962)
at org.testng.internal.invokers.TestInvoker.invokeTestMethods(TestInvoker.java:194)
at org.testng.internal.invokers.TestMethodWorker.invokeTestMethods(TestMethodWorker.java:148)
at org.testng.internal.invokers.TestMethodWorker.run(TestMethodWorker.java:128)
at java.base/java.util.ArrayList.forEach(ArrayList.java:1511)
at org.testng.TestRunner.privateRun(TestRunner.java:806)
at org.testng.TestRunner.run(TestRunner.java:601)
at org.testng.SuiteRunner.runTest(SuiteRunner.java:433)
at org.testng.SuiteRunner.runSequentially(SuiteRunner.java:427)
at org.testng.SuiteRunner.privateRun(SuiteRunner.java:387)
at org.testng.SuiteRunner.run(SuiteRunner.java:330)
at org.testng.SuiteRunnerWorker.runSuite(SuiteRunnerWorker.java:52)
at org.testng.SuiteRunnerWorker.run(SuiteRunnerWorker.java:95)
at org.testng.TestNG.runSuitesSequentially(TestNG.java:1256)
at org.testng.TestNG.runSuitesLocally(TestNG.java:1176)
at org.testng.TestNG.runSuites(TestNG.java:1099)
at org.testng.TestNG.run(TestNG.java:1067)
at org.testng.remote.AbstractRemoteTestNG.run(AbstractRemoteTestNG.java:115)
at org.testng.remote.RemoteTestNG.initAndRun(RemoteTestNG.java:251)
at org.testng.remote.RemoteTestNG.main(RemoteTestNG.java:77)
]]>
            </full-stacktrace>
          </exception> <!-- org.openqa.selenium.StaleElementReferenceException -->
          <reporter-output>
          </reporter-output>
        </test-method> <!-- enterOTP -->
        <test-method signature="submit()[pri:4, instance:PGHLtestClass.Logintest@13e3c1c7]" started-at="2024-02-08T15:25:20 IST" name="submit" finished-at="2024-02-08T15:25:20 IST" duration-ms="3" status="PASS">
          <reporter-output>
          </reporter-output>
        </test-method> <!-- submit -->
        <test-method signature="resendOTP()[pri:5, instance:PGHLtestClass.Logintest@13e3c1c7]" started-at="2024-02-08T15:25:20 IST" name="resendOTP" finished-at="2024-02-08T15:25:20 IST" duration-ms="64" status="FAIL">
          <exception class="org.openqa.selenium.NoSuchElementException">
            <message>
              <![CDATA[An element could not be located on the page using the given search parameters.
For documentation on this error, please visit: https://www.selenium.dev/documentation/webdriver/troubleshooting/errors#no-such-element-exception
Build info: version: '4.16.1', revision: '9b4c83354e'
System info: os.name: 'Windows 11', os.arch: 'amd64', os.version: '10.0', java.version: '17.0.6'
Driver info: io.appium.java_client.android.AndroidDriver
Command: [0c02325e-8be2-4269-a75c-43862c8bd05f, findElement {using=xpath, value=//android.view.View[@content-desc='Resend OTP']}]
Capabilities {appium:automationName: UIAutomator2, appium:databaseEnabled: false, appium:desired: {automationName: UIAutomator2, deviceName: Android SDK built for x86, platformName: ANDROID}, appium:deviceApiLevel: 31, appium:deviceManufacturer: Google, appium:deviceModel: sdk_gphone64_x86_64, appium:deviceName: emulator-5554, appium:deviceScreenDensity: 560, appium:deviceScreenSize: 1440x3120, appium:deviceUDID: emulator-5554, appium:javascriptEnabled: true, appium:locationContextEnabled: false, appium:networkConnectionEnabled: true, appium:pixelRatio: 3.5, appium:platformVersion: 12, appium:statBarHeight: 84, appium:takesScreenshot: true, appium:viewportRect: {height: 2868, left: 0, top: 84, width: 1440}, appium:warnings: {}, appium:webStorageEnabled: false, platformName: ANDROID}
Session ID: 0c02325e-8be2-4269-a75c-43862c8bd05f]]>
            </message>
            <full-stacktrace>
              <![CDATA[org.openqa.selenium.NoSuchElementException: An element could not be located on the page using the given search parameters.
For documentation on this error, please visit: https://www.selenium.dev/documentation/webdriver/troubleshooting/errors#no-such-element-exception
Build info: version: '4.16.1', revision: '9b4c83354e'
System info: os.name: 'Windows 11', os.arch: 'amd64', os.version: '10.0', java.version: '17.0.6'
Driver info: io.appium.java_client.android.AndroidDriver
Command: [0c02325e-8be2-4269-a75c-43862c8bd05f, findElement {using=xpath, value=//android.view.View[@content-desc='Resend OTP']}]
Capabilities {appium:automationName: UIAutomator2, appium:databaseEnabled: false, appium:desired: {automationName: UIAutomator2, deviceName: Android SDK built for x86, platformName: ANDROID}, appium:deviceApiLevel: 31, appium:deviceManufacturer: Google, appium:deviceModel: sdk_gphone64_x86_64, appium:deviceName: emulator-5554, appium:deviceScreenDensity: 560, appium:deviceScreenSize: 1440x3120, appium:deviceUDID: emulator-5554, appium:javascriptEnabled: true, appium:locationContextEnabled: false, appium:networkConnectionEnabled: true, appium:pixelRatio: 3.5, appium:platformVersion: 12, appium:statBarHeight: 84, appium:takesScreenshot: true, appium:viewportRect: {height: 2868, left: 0, top: 84, width: 1440}, appium:warnings: {}, appium:webStorageEnabled: false, platformName: ANDROID}
Session ID: 0c02325e-8be2-4269-a75c-43862c8bd05f
at java.base/jdk.internal.reflect.NativeConstructorAccessorImpl.newInstance0(Native Method)
at java.base/jdk.internal.reflect.NativeConstructorAccessorImpl.newInstance(NativeConstructorAccessorImpl.java:77)
at java.base/jdk.internal.reflect.DelegatingConstructorAccessorImpl.newInstance(DelegatingConstructorAccessorImpl.java:45)
at java.base/java.lang.reflect.Constructor.newInstanceWithCaller(Constructor.java:499)
at java.base/java.lang.reflect.Constructor.newInstance(Constructor.java:480)
at org.openqa.selenium.remote.codec.w3c.W3CHttpResponseCodec.createException(W3CHttpResponseCodec.java:200)
at org.openqa.selenium.remote.codec.w3c.W3CHttpResponseCodec.decode(W3CHttpResponseCodec.java:133)
at org.openqa.selenium.remote.codec.w3c.W3CHttpResponseCodec.decode(W3CHttpResponseCodec.java:52)
at org.openqa.selenium.remote.HttpCommandExecutor.execute(HttpCommandExecutor.java:191)
at io.appium.java_client.remote.AppiumCommandExecutor.execute(AppiumCommandExecutor.java:262)
at org.openqa.selenium.remote.RemoteWebDriver.execute(RemoteWebDriver.java:602)
at org.openqa.selenium.remote.ElementLocation$ElementFinder$2.findElement(ElementLocation.java:165)
at org.openqa.selenium.remote.ElementLocation.findElement(ElementLocation.java:59)
at org.openqa.selenium.remote.RemoteWebDriver.findElement(RemoteWebDriver.java:359)
at org.openqa.selenium.remote.RemoteWebDriver.findElement(RemoteWebDriver.java:353)
at org.openqa.selenium.support.pagefactory.DefaultElementLocator.findElement(DefaultElementLocator.java:68)
at org.openqa.selenium.support.pagefactory.internal.LocatingElementHandler.invoke(LocatingElementHandler.java:38)
at jdk.proxy2/jdk.proxy2.$Proxy19.click(Unknown Source)
at Android.loginPage.getResend_OTP(loginPage.java:68)
at PGHLtestClass.Logintest.resendOTP(Logintest.java:55)
at java.base/jdk.internal.reflect.NativeMethodAccessorImpl.invoke0(Native Method)
at java.base/jdk.internal.reflect.NativeMethodAccessorImpl.invoke(NativeMethodAccessorImpl.java:77)
at java.base/jdk.internal.reflect.DelegatingMethodAccessorImpl.invoke(DelegatingMethodAccessorImpl.java:43)
at java.base/java.lang.reflect.Method.invoke(Method.java:568)
at org.testng.internal.invokers.MethodInvocationHelper.invokeMethod(MethodInvocationHelper.java:139)
at org.testng.internal.invokers.TestInvoker.invokeMethod(TestInvoker.java:677)
at org.testng.internal.invokers.TestInvoker.invokeTestMethod(TestInvoker.java:221)
at org.testng.internal.invokers.MethodRunner.runInSequence(MethodRunner.java:50)
at org.testng.internal.invokers.TestInvoker$MethodInvocationAgent.invoke(TestInvoker.java:962)
at org.testng.internal.invokers.TestInvoker.invokeTestMethods(TestInvoker.java:194)
at org.testng.internal.invokers.TestMethodWorker.invokeTestMethods(TestMethodWorker.java:148)
at org.testng.internal.invokers.TestMethodWorker.run(TestMethodWorker.java:128)
at java.base/java.util.ArrayList.forEach(ArrayList.java:1511)
at org.testng.TestRunner.privateRun(TestRunner.java:806)
at org.testng.TestRunner.run(TestRunner.java:601)
at org.testng.SuiteRunner.runTest(SuiteRunner.java:433)
at org.testng.SuiteRunner.runSequentially(SuiteRunner.java:427)
at org.testng.SuiteRunner.privateRun(SuiteRunner.java:387)
at org.testng.SuiteRunner.run(SuiteRunner.java:330)
at org.testng.SuiteRunnerWorker.runSuite(SuiteRunnerWorker.java:52)
at org.testng.SuiteRunnerWorker.run(SuiteRunnerWorker.java:95)
at org.testng.TestNG.runSuitesSequentially(TestNG.java:1256)
at org.testng.TestNG.runSuitesLocally(TestNG.java:1176)
at org.testng.TestNG.runSuites(TestNG.java:1099)
at org.testng.TestNG.run(TestNG.java:1067)
at org.testng.remote.AbstractRemoteTestNG.run(AbstractRemoteTestNG.java:115)
at org.testng.remote.RemoteTestNG.initAndRun(RemoteTestNG.java:251)
at org.testng.remote.RemoteTestNG.main(RemoteTestNG.java:77)
]]>
            </full-stacktrace>
          </exception> <!-- org.openqa.selenium.NoSuchElementException -->
          <reporter-output>
          </reporter-output>
        </test-method> <!-- resendOTP -->
        <test-method is-config="true" signature="end()[pri:0, instance:PGHLtestClass.Logintest@13e3c1c7]" started-at="2024-02-08T15:25:20 IST" name="end" finished-at="2024-02-08T15:25:20 IST" duration-ms="1" status="PASS">
          <reporter-output>
          </reporter-output>
        </test-method> <!-- end -->
      </class> <!-- PGHLtestClass.Logintest -->
    </test> <!-- TestRun1 -->
  </suite> <!-- TrasactionFlowPGHL -->
</testng-results>
